<?xml version="1.0" encoding="UTF-8"?>
<testsuite xmlns:xsi="http://www.w3.org/2001/XMLSchema-instance" xsi:noNamespaceSchemaLocation="https://maven.apache.org/surefire/maven-surefire-plugin/xsd/surefire-test-report.xsd" version="3.0.2" name="forum.forum.ForumApplicationTests" time="9.207" tests="1" errors="0" skipped="0" failures="0">
  <properties>
[...]
</properties>
  <testcase name="contextLoads" classname="forum.forum.ForumApplicationTests" time="0.457">
    <system-out><![CDATA[22:01:00.914 [main] INFO org.springframework.test.context.support.AnnotationConfigContextLoaderUtils -- Could not detect default configuration classes for test class [forum.forum.ForumApplicationTests]: ForumApplicationTests does not declare any static, non-private, non-final, nested classes annotated with @Configuration.
22:01:01.143 [main] INFO org.springframework.boot.test.context.SpringBootTestContextBootstrapper -- Found @SpringBootConfiguration forum.forum.ForumApplication for test class forum.forum.ForumApplicationTests

  .   ____          _            __ _ _
 /\\ / ___'_ __ _ _(_)_ __  __ _ \ \ \ \
( ( )\___ | '_ | '_| | '_ \/ _` | \ \ \ \
 \\/  ___)| |_)| | | | | || (_| |  ) ) ) )
  '  |____| .__|_| |_|_| |_\__, | / / / /
 =========|_|==============|___/=/_/_/_/

 :: Spring Boot ::                (v3.4.3)

2025-04-05T22:01:01.686+03:00  INFO 17344 --- [forum] [           main] forum.forum.ForumApplicationTests        : Starting ForumApplicationTests using Java 22 with PID 17344 (started by koath in C:\UTCN\an3\sem2\ps\labs\assigment\proj\forum)
2025-04-05T22:01:01.687+03:00  INFO 17344 --- [forum] [           main] forum.forum.ForumApplicationTests        : No active profile set, falling back to 1 default profile: "default"
2025-04-05T22:01:02.632+03:00  INFO 17344 --- [forum] [           main] .s.d.r.c.RepositoryConfigurationDelegate : Bootstrapping Spring Data JPA repositories in DEFAULT mode.
2025-04-05T22:01:02.706+03:00  INFO 17344 --- [forum] [           main] .s.d.r.c.RepositoryConfigurationDelegate : Finished Spring Data repository scanning in 62 ms. Found 4 JPA repository interfaces.
2025-04-05T22:01:03.231+03:00  INFO 17344 --- [forum] [           main] o.hibernate.jpa.internal.util.LogHelper  : HHH000204: Processing PersistenceUnitInfo [name: default]
2025-04-05T22:01:03.309+03:00  INFO 17344 --- [forum] [           main] org.hibernate.Version                    : HHH000412: Hibernate ORM core version 6.6.8.Final
2025-04-05T22:01:03.346+03:00  INFO 17344 --- [forum] [           main] o.h.c.internal.RegionFactoryInitiator    : HHH000026: Second-level cache disabled
2025-04-05T22:01:03.699+03:00  INFO 17344 --- [forum] [           main] o.s.o.j.p.SpringPersistenceUnitInfo      : No LoadTimeWeaver setup: ignoring JPA class transformer
2025-04-05T22:01:03.728+03:00  INFO 17344 --- [forum] [           main] com.zaxxer.hikari.HikariDataSource       : HikariPool-1 - Starting...
2025-04-05T22:01:03.990+03:00  INFO 17344 --- [forum] [           main] com.zaxxer.hikari.pool.HikariPool        : HikariPool-1 - Added connection org.postgresql.jdbc.PgConnection@2f60cbf2
2025-04-05T22:01:03.992+03:00  INFO 17344 --- [forum] [           main] com.zaxxer.hikari.HikariDataSource       : HikariPool-1 - Start completed.
2025-04-05T22:01:04.065+03:00  INFO 17344 --- [forum] [           main] org.hibernate.orm.connections.pooling    : HHH10001005: Database info:
	Database JDBC URL [Connecting through datasource 'HikariDataSource (HikariPool-1)']
	Database driver: undefined/unknown
	Database version: 12.0
	Autocommit mode: undefined/unknown
	Isolation level: undefined/unknown
	Minimum pool size: undefined/unknown
	Maximum pool size: undefined/unknown
2025-04-05T22:01:05.159+03:00  INFO 17344 --- [forum] [           main] o.h.e.t.j.p.i.JtaPlatformInitiator       : HHH000489: No JTA platform available (set 'hibernate.transaction.jta.platform' to enable JTA platform integration)
2025-04-05T22:01:05.402+03:00  INFO 17344 --- [forum] [           main] j.LocalContainerEntityManagerFactoryBean : Initialized JPA EntityManagerFactory for persistence unit 'default'
2025-04-05T22:01:05.703+03:00  INFO 17344 --- [forum] [           main] o.s.d.j.r.query.QueryEnhancerFactory     : Hibernate is in classpath; If applicable, HQL parser will be used.
amqps://opqzgyoy:QbrQbz_pnUwVMFvHS6m0GEvVNpqMZQRv@cow.rmq2.cloudamqp.com/opqzgyoy
2025-04-05T22:01:07.307+03:00  WARN 17344 --- [forum] [           main] c.r.client.TrustEverythingTrustManager   : SECURITY ALERT: this trust manager trusts every certificate, effectively disabling peer verification. This is convenient for local development but offers no protection against man-in-the-middle attacks. Please see https://www.rabbitmq.com/ssl.html to learn more about peer certificate verification.
amqps://opqzgyoy:QbrQbz_pnUwVMFvHS6m0GEvVNpqMZQRv@cow.rmq2.cloudamqp.com/opqzgyoy
2025-04-05T22:01:08.323+03:00  WARN 17344 --- [forum] [           main] c.r.client.TrustEverythingTrustManager   : SECURITY ALERT: this trust manager trusts every certificate, effectively disabling peer verification. This is convenient for local development but offers no protection against man-in-the-middle attacks. Please see https://www.rabbitmq.com/ssl.html to learn more about peer certificate verification.
2025-04-05T22:01:08.670+03:00  INFO 17344 --- [forum] [           main] f.a.AutowiredAnnotationBeanPostProcessor : Autowired annotation should only be used on methods with parameters: public void forum.forum.service.messageQueue.QueueService.startQueue()
Queue started here
Consumer started, listening for messages on queue: forum_const
2025-04-05T22:01:08.903+03:00  WARN 17344 --- [forum] [           main] JpaBaseConfiguration$JpaWebConfiguration : spring.jpa.open-in-view is enabled by default. Therefore, database queries may be performed during view rendering. Explicitly configure spring.jpa.open-in-view to disable this warning
2025-04-05T22:01:09.330+03:00  INFO 17344 --- [forum] [           main] forum.forum.ForumApplicationTests        : Started ForumApplicationTests in 8.033 seconds (process running for 9.217)
Queue started here
Consumer started, listening for messages on queue: forum_const
]]></system-out>
    <system-err><![CDATA[Mockito is currently self-attaching to enable the inline-mock-maker. This will no longer work in future releases of the JDK. Please add Mockito as an agent to your build what is described in Mockito's documentation: https://javadoc.io/doc/org.mockito/mockito-core/latest/org/mockito/Mockito.html#0.3
WARNING: A Java agent has been loaded dynamically (C:\Users\koath\.m2\repository\net\bytebuddy\byte-buddy-agent\1.15.11\byte-buddy-agent-1.15.11.jar)
WARNING: If a serviceability tool is in use, please run with -XX:+EnableDynamicAgentLoading to hide this warning
WARNING: If a serviceability tool is not in use, please run with -Djdk.instrument.traceUsage for more information
WARNING: Dynamic loading of agents will be disallowed by default in a future release
]]></system-err>
  </testcase>
</testsuite>